[0m2021.02.05 11:03:30 INFO  Started: Metals version 0.9.10 in workspace 'C:\Users\Abdoulaye SARR\Documents\Python cours\gestion_memoire' for client vscode 1.51.1.[0m
[0m2021.02.05 11:03:35 INFO  time: initialize in 5.23s[0m
[0m2021.02.05 11:03:39 WARN  Build server is not auto-connectable.[0m
[0m2021.02.05 11:03:39 WARN  no build tool detected in workspace 'C:\Users\Abdoulaye SARR\Documents\Python cours\gestion_memoire'. The most common cause for this problem is that the editor was opened in the wrong working directory, for example if you use sbt then the workspace directory should contain build.sbt. [0m
[0m2021.02.05 11:09:03 INFO  shutting down Metals[0m
[0m2021.02.13 10:59:12 INFO  Started: Metals version 0.9.10 in workspace 'C:\Users\Abdoulaye SARR\Documents\Python cours\gestion_memoire' for client vscode 1.53.0.[0m
[0m2021.02.13 10:59:16 INFO  time: initialize in 4.42s[0m
[0m2021.02.13 10:59:22 WARN  Build server is not auto-connectable.[0m
[0m2021.02.13 10:59:22 WARN  no build tool detected in workspace 'C:\Users\Abdoulaye SARR\Documents\Python cours\gestion_memoire'. The most common cause for this problem is that the editor was opened in the wrong working directory, for example if you use sbt then the workspace directory should contain build.sbt. [0m
[0m2021.02.13 11:06:05 INFO  shutting down Metals[0m
[0m2021.02.13 11:07:15 INFO  Started: Metals version 0.9.10 in workspace 'C:\Users\Abdoulaye SARR\Documents\Python cours\gestion_memoire' for client vscode 1.53.0.[0m
[0m2021.02.13 11:07:20 INFO  time: initialize in 5.34s[0m
[0m2021.02.13 11:07:25 WARN  Build server is not auto-connectable.[0m
[0m2021.02.13 11:07:25 WARN  no build tool detected in workspace 'C:\Users\Abdoulaye SARR\Documents\Python cours\gestion_memoire'. The most common cause for this problem is that the editor was opened in the wrong working directory, for example if you use sbt then the workspace directory should contain build.sbt. [0m
[0m2021.02.13 14:20:18 INFO  shutting down Metals[0m
[0m2021.02.13 19:01:12 INFO  Started: Metals version 0.9.10 in workspace 'C:\Users\Abdoulaye SARR\Documents\Python cours\gestion_memoire' for client vscode 1.53.0.[0m
[0m2021.02.13 19:01:15 INFO  time: initialize in 3.16s[0m
[0m2021.02.13 19:01:17 WARN  Build server is not auto-connectable.[0m
[0m2021.02.13 19:01:17 WARN  no build tool detected in workspace 'C:\Users\Abdoulaye SARR\Documents\Python cours\gestion_memoire'. The most common cause for this problem is that the editor was opened in the wrong working directory, for example if you use sbt then the workspace directory should contain build.sbt. [0m
[0m2021.02.13 19:02:22 INFO  shutting down Metals[0m
[0m2021.02.17 14:17:45 INFO  Started: Metals version 0.9.10 in workspace 'C:\Users\Abdoulaye SARR\Documents\Python cours\gestion_memoire' for client vscode 1.53.0.[0m
[0m2021.02.17 14:17:50 INFO  time: initialize in 4.72s[0m
[0m2021.02.17 14:17:52 WARN  Build server is not auto-connectable.[0m
[0m2021.02.17 14:17:52 WARN  no build tool detected in workspace 'C:\Users\Abdoulaye SARR\Documents\Python cours\gestion_memoire'. The most common cause for this problem is that the editor was opened in the wrong working directory, for example if you use sbt then the workspace directory should contain build.sbt. [0m
[0m2021.02.17 14:18:17 INFO  shutting down Metals[0m
[0m2021.02.18 08:15:25 INFO  Started: Metals version 0.9.10 in workspace 'C:\Users\Abdoulaye SARR\Documents\Python cours\gestion_memoire' for client vscode 1.53.0.[0m
[0m2021.02.18 08:15:32 INFO  time: initialize in 7.32s[0m
[0m2021.02.18 08:15:39 WARN  Build server is not auto-connectable.[0m
[0m2021.02.18 08:15:39 WARN  no build tool detected in workspace 'C:\Users\Abdoulaye SARR\Documents\Python cours\gestion_memoire'. The most common cause for this problem is that the editor was opened in the wrong working directory, for example if you use sbt then the workspace directory should contain build.sbt. [0m
févr. 18, 2021 8:22:45 AM org.eclipse.lsp4j.jsonrpc.services.GenericEndpoint notify
INFO: Unsupported notification method: $/setTraceNotification
[0m2021.02.18 20:38:42 INFO  Started: Metals version 0.9.10 in workspace 'C:\Users\Abdoulaye SARR\Documents\Python cours\gestion_memoire' for client vscode 1.53.0.[0m
[0m2021.02.18 20:38:48 INFO  time: initialize in 6.49s[0m
[0m2021.02.18 20:39:00 WARN  Build server is not auto-connectable.[0m
[0m2021.02.18 20:39:00 WARN  no build tool detected in workspace 'C:\Users\Abdoulaye SARR\Documents\Python cours\gestion_memoire'. The most common cause for this problem is that the editor was opened in the wrong working directory, for example if you use sbt then the workspace directory should contain build.sbt. [0m
